#
# There is insufficient memory for the Java Runtime Environment to continue.
# Native memory allocation (malloc) failed to allocate 32744 bytes for ChunkPool::allocate
# Possible reasons:
#   The system is out of physical RAM or swap space
#   In 32 bit mode, the process size limit was hit
# Possible solutions:
#   Reduce memory load on the system
#   Increase physical memory or swap space
#   Check if swap backing store is full
#   Use 64 bit Java on a 64 bit OS
#   Decrease Java heap size (-Xmx/-Xms)
#   Decrease number of Java threads
#   Decrease Java thread stack sizes (-Xss)
#   Set larger code cache with -XX:ReservedCodeCacheSize=
# This output file may be truncated or incomplete.
#
#  Out of Memory Error (allocation.cpp:211), pid=8508, tid=4204
#
# JRE version: 6.0_26-b03
# Java VM: Java HotSpot(TM) 64-Bit Server VM (20.1-b02 mixed mode windows-amd64 compressed oops)

---------------  T H R E A D  ---------------

Current thread (0x00000000064aa800):  JavaThread "C2 CompilerThread1" daemon [_thread_in_native, id=4204, stack(0x0000000007490000,0x0000000007590000)]

Stack: [0x0000000007490000,0x0000000007590000]

Current CompileTask:
C2:  23224  47      java.util.HashMap.hash(I)I (23 bytes)


---------------  P R O C E S S  ---------------

Java Threads: ( => current thread )
  0x00000000078f8000 JavaThread "com.google.inject.internal.util.$Finalizer" daemon [_thread_blocked, id=13060, stack(0x0000000007b90000,0x0000000007c90000)]
  0x00000000064b5800 JavaThread "Low Memory Detector" daemon [_thread_blocked, id=8392, stack(0x0000000007590000,0x0000000007690000)]
=>0x00000000064aa800 JavaThread "C2 CompilerThread1" daemon [_thread_in_native, id=4204, stack(0x0000000007490000,0x0000000007590000)]
  0x000000000649c800 JavaThread "C2 CompilerThread0" daemon [_thread_blocked, id=7128, stack(0x0000000007390000,0x0000000007490000)]
  0x000000000649b000 JavaThread "Attach Listener" daemon [_thread_blocked, id=8580, stack(0x0000000007290000,0x0000000007390000)]
  0x000000000649a000 JavaThread "Signal Dispatcher" daemon [_thread_blocked, id=9164, stack(0x0000000007190000,0x0000000007290000)]
  0x0000000006445800 JavaThread "Finalizer" daemon [_thread_blocked, id=9156, stack(0x0000000007090000,0x0000000007190000)]
  0x0000000006444800 JavaThread "Reference Handler" daemon [_thread_blocked, id=4656, stack(0x0000000006f90000,0x0000000007090000)]
  0x00000000002db800 JavaThread "main" [_thread_in_native, id=8700, stack(0x0000000002450000,0x0000000002550000)]

Other Threads:
  0x0000000006439000 VMThread [stack: 0x0000000006e90000,0x0000000006f90000] [id=9004]
  0x00000000064be800 WatcherThread [stack: 0x0000000007690000,0x0000000007790000] [id=6960]

VM state:not at safepoint (normal execution)

VM Mutex/Monitor currently owned by a thread: None

Heap
 PSYoungGen      total 28608K, used 20209K [0x00000000e0160000, 0x00000000e2140000, 0x0000000100000000)
  eden space 24576K, 82% used [0x00000000e0160000,0x00000000e151c668,0x00000000e1960000)
  from space 4032K, 0% used [0x00000000e1d50000,0x00000000e1d50000,0x00000000e2140000)
  to   space 4032K, 0% used [0x00000000e1960000,0x00000000e1960000,0x00000000e1d50000)
 PSOldGen        total 65344K, used 0K [0x00000000a0400000, 0x00000000a43d0000, 0x00000000e0160000)
  object space 65344K, 0% used [0x00000000a0400000,0x00000000a0400000,0x00000000a43d0000)
 PSPermGen       total 21248K, used 7414K [0x000000009b200000, 0x000000009c6c0000, 0x00000000a0400000)
  object space 21248K, 34% used [0x000000009b200000,0x000000009b93d8c0,0x000000009c6c0000)

Code Cache  [0x0000000002550000, 0x00000000027c0000, 0x0000000005550000)
 total_blobs=254 nmethods=48 adapters=160 free_code_cache=49784640 largest_free_block=18880

Dynamic libraries:
0x0000000000400000 - 0x000000000042e000 	C:\Program Files\Java\jdk1.6.0_26\bin\java.exe
0x0000000077850000 - 0x00000000779f9000 	C:\Windows\SYSTEM32\ntdll.dll
0x00000000774d0000 - 0x00000000775ef000 	C:\Windows\system32\kernel32.dll
0x000007fefdf90000 - 0x000007fefdffc000 	C:\Windows\system32\KERNELBASE.dll
0x000007fefe600000 - 0x000007fefe6db000 	C:\Windows\system32\ADVAPI32.dll
0x000007fefe260000 - 0x000007fefe2ff000 	C:\Windows\system32\msvcrt.dll
0x000007fefe300000 - 0x000007fefe31f000 	C:\Windows\SYSTEM32\sechost.dll
0x000007feff8a0000 - 0x000007feff9cd000 	C:\Windows\system32\RPCRT4.dll
0x000000006d890000 - 0x000000006e048000 	C:\Program Files\Java\jdk1.6.0_26\jre\bin\server\jvm.dll
0x00000000775f0000 - 0x00000000776ea000 	C:\Windows\system32\USER32.dll
0x000007feffaf0000 - 0x000007feffb57000 	C:\Windows\system32\GDI32.dll
0x000007feffae0000 - 0x000007feffaee000 	C:\Windows\system32\LPK.dll
0x000007feff540000 - 0x000007feff609000 	C:\Windows\system32\USP10.dll
0x000007fefbf40000 - 0x000007fefbf7b000 	C:\Windows\system32\WINMM.dll
0x000007fefe230000 - 0x000007fefe25e000 	C:\Windows\system32\IMM32.DLL
0x000007feff9d0000 - 0x000007feffad9000 	C:\Windows\system32\MSCTF.dll
0x000000006d800000 - 0x000000006d80e000 	C:\Program Files\Java\jdk1.6.0_26\jre\bin\verify.dll
0x000000006d450000 - 0x000000006d477000 	C:\Program Files\Java\jdk1.6.0_26\jre\bin\java.dll
0x0000000077a10000 - 0x0000000077a17000 	C:\Windows\system32\PSAPI.DLL
0x000000006d850000 - 0x000000006d862000 	C:\Program Files\Java\jdk1.6.0_26\jre\bin\zip.dll

VM Arguments:
jvm_args: -Dclassworlds.conf=C:\Program Files\NetBeans7.1\java\maven\bin\..\bin\m2.conf -Dmaven.home=C:\Program Files\NetBeans7.1\java\maven\bin\.. 
java_command: org.codehaus.plexus.classworlds.launcher.Launcher install
Launcher Type: SUN_STANDARD

Environment Variables:
JAVA_HOME=C:\Program Files\Java\jdk1.6.0_26
PATH=C:\Program Files (x86)\NVIDIA Corporation\PhysX\Common;C:\Program Files\Common Files\Microsoft Shared\Windows Live;C:\Windows\system32;C:\Windows;C:\Windows\System32\Wbem;C:\Windows\System32\WindowsPowerShell\v1.0\;C:\Tcl\bin;C:\Program Files\Common Files\Microsoft Shared\Windows Live;C:\Program Files (x86)\NVIDIA Corporation\PhysX\Common;C:\Program Files\Common Files\Microsoft Shared\Windows Live;C:\Windows\system32;C:\Windows;C:\Windows\System32\Wbem;C:\Windows\System32\WindowsPowerShell\v1.0\
USERNAME=Pencerval
OS=Windows_NT
PROCESSOR_IDENTIFIER=Intel64 Family 6 Model 42 Stepping 7, GenuineIntel



---------------  S Y S T E M  ---------------

OS: Windows 7 Build 7601 Service Pack 1

CPU:total 8 (4 cores per cpu, 2 threads per core) family 6 model 42 stepping 7, cmov, cx8, fxsr, mmx, sse, sse2, sse3, ssse3, sse4.1, sse4.2, popcnt, ht

Memory: 4k page, physical 6268268k(740252k free), swap 14883972k(128592k free)

vm_info: Java HotSpot(TM) 64-Bit Server VM (20.1-b02) for windows-amd64 JRE (1.6.0_26-b03), built on May  4 2011 07:15:24 by "java_re" with MS VC++ 8.0 (VS2005)

time: Tue Feb 21 10:31:52 2012
elapsed time: 23 seconds

